::1 - - [03/May/2018:06:55:50 +0000] "GET / HTTP/1.1" 304 - "-" "Mozilla/5.0 (Windows NT 10.0; WOW64) AppleWebKit/537.36 (KHTML, like Gecko) Chrome/59.0.3071.115 Safari/537.36"
::1 - - [03/May/2018:06:55:50 +0000] "GET /favicon.ico HTTP/1.1" 304 - "http://localhost:3001/" "Mozilla/5.0 (Windows NT 10.0; WOW64) AppleWebKit/537.36 (KHTML, like Gecko) Chrome/59.0.3071.115 Safari/537.36"
::1 - - [03/May/2018:06:59:05 +0000] "GET /aa HTTP/1.1" 200 2 "-" "Mozilla/5.0 (Windows NT 10.0; WOW64) AppleWebKit/537.36 (KHTML, like Gecko) Chrome/59.0.3071.115 Safari/537.36"
::1 - - [03/May/2018:06:59:05 +0000] "GET /favicon.ico HTTP/1.1" 304 - "http://localhost:3001/aa" "Mozilla/5.0 (Windows NT 10.0; WOW64) AppleWebKit/537.36 (KHTML, like Gecko) Chrome/59.0.3071.115 Safari/537.36"
[0mGET /aa [36m304 [0m6.133 ms - -[0m
[0mGET /favicon.ico [36m304 [0m2.043 ms - -[0m
::1 - - [03/May/2018:07:10:35 +0000] "GET /aa HTTP/1.1" 304 - "-" "Mozilla/5.0 (Windows NT 10.0; WOW64) AppleWebKit/537.36 (KHTML, like Gecko) Chrome/59.0.3071.115 Safari/537.36"
::1 - - [03/May/2018:07:10:36 +0000] "GET /favicon.ico HTTP/1.1" 304 - "http://localhost:3001/aa" "Mozilla/5.0 (Windows NT 10.0; WOW64) AppleWebKit/537.36 (KHTML, like Gecko) Chrome/59.0.3071.115 Safari/537.36"
::1 - - [03/May/2018:07:10:43 +0000] "GET /aa HTTP/1.1" 304 - "-" "Mozilla/5.0 (Windows NT 10.0; WOW64) AppleWebKit/537.36 (KHTML, like Gecko) Chrome/59.0.3071.115 Safari/537.36"
::1 - - [03/May/2018:07:10:43 +0000] "GET /favicon.ico HTTP/1.1" 304 - "http://localhost:3001/aa" "Mozilla/5.0 (Windows NT 10.0; WOW64) AppleWebKit/537.36 (KHTML, like Gecko) Chrome/59.0.3071.115 Safari/537.36"
::1 - - [03/May/2018:07:11:01 +0000] "GET /index.html HTTP/1.1" 200 2 "-" "Mozilla/5.0 (Windows NT 10.0; WOW64) AppleWebKit/537.36 (KHTML, like Gecko) Chrome/59.0.3071.115 Safari/537.36"
::1 - - [03/May/2018:07:11:01 +0000] "GET /favicon.ico HTTP/1.1" 304 - "http://localhost:3001/index.html" "Mozilla/5.0 (Windows NT 10.0; WOW64) AppleWebKit/537.36 (KHTML, like Gecko) Chrome/59.0.3071.115 Safari/537.36"
::1 - - [03/May/2018:07:17:31 +0000] "GET /index.html HTTP/1.1" 200 3385 "-" "Mozilla/5.0 (Windows NT 10.0; WOW64) AppleWebKit/537.36 (KHTML, like Gecko) Chrome/59.0.3071.115 Safari/537.36"
::1 - - [03/May/2018:07:17:31 +0000] "GET /src/img/d1ede0506b40990c9df1b1c31e1b1fcb.png HTTP/1.1" 200 10283 "http://localhost:3001/index.html" "Mozilla/5.0 (Windows NT 10.0; WOW64) AppleWebKit/537.36 (KHTML, like Gecko) Chrome/59.0.3071.115 Safari/537.36"
::1 - - [03/May/2018:07:17:31 +0000] "GET /app-bundle-711ef.js HTTP/1.1" 200 24577 "http://localhost:3001/index.html" "Mozilla/5.0 (Windows NT 10.0; WOW64) AppleWebKit/537.36 (KHTML, like Gecko) Chrome/59.0.3071.115 Safari/537.36"
::1 - - [03/May/2018:07:17:31 +0000] "GET /css/app-bundle-711ef.css HTTP/1.1" 200 25656 "http://localhost:3001/index.html" "Mozilla/5.0 (Windows NT 10.0; WOW64) AppleWebKit/537.36 (KHTML, like Gecko) Chrome/59.0.3071.115 Safari/537.36"
::1 - - [03/May/2018:07:17:31 +0000] "GET /src/img/favicon.ico HTTP/1.1" 200 2 "http://localhost:3001/index.html" "Mozilla/5.0 (Windows NT 10.0; WOW64) AppleWebKit/537.36 (KHTML, like Gecko) Chrome/59.0.3071.115 Safari/537.36"
::1 - - [03/May/2018:07:17:47 +0000] "GET /detail.html HTTP/1.1" 200 524 "-" "Mozilla/5.0 (Windows NT 10.0; WOW64) AppleWebKit/537.36 (KHTML, like Gecko) Chrome/59.0.3071.115 Safari/537.36"
::1 - - [03/May/2018:07:17:47 +0000] "GET /css/detail-bundle-711ef.css HTTP/1.1" 200 25656 "http://localhost:3001/detail.html" "Mozilla/5.0 (Windows NT 10.0; WOW64) AppleWebKit/537.36 (KHTML, like Gecko) Chrome/59.0.3071.115 Safari/537.36"
::1 - - [03/May/2018:07:17:47 +0000] "GET /detail-bundle-711ef.js HTTP/1.1" 200 167 "http://localhost:3001/detail.html" "Mozilla/5.0 (Windows NT 10.0; WOW64) AppleWebKit/537.36 (KHTML, like Gecko) Chrome/59.0.3071.115 Safari/537.36"
::1 - - [03/May/2018:07:17:47 +0000] "GET /vendor-bundle-711ef.js HTTP/1.1" 200 32297 "http://localhost:3001/detail.html" "Mozilla/5.0 (Windows NT 10.0; WOW64) AppleWebKit/537.36 (KHTML, like Gecko) Chrome/59.0.3071.115 Safari/537.36"
::1 - - [03/May/2018:07:17:47 +0000] "GET /src/img/favicon.ico HTTP/1.1" 304 - "http://localhost:3001/detail.html" "Mozilla/5.0 (Windows NT 10.0; WOW64) AppleWebKit/537.36 (KHTML, like Gecko) Chrome/59.0.3071.115 Safari/537.36"
::1 - - [03/May/2018:07:17:52 +0000] "GET /detail.html HTTP/1.1" 304 - "-" "Mozilla/5.0 (Windows NT 10.0; WOW64) AppleWebKit/537.36 (KHTML, like Gecko) Chrome/59.0.3071.115 Safari/537.36"
::1 - - [03/May/2018:07:17:52 +0000] "GET /css/detail-bundle-711ef.css HTTP/1.1" 304 - "http://localhost:3001/detail.html" "Mozilla/5.0 (Windows NT 10.0; WOW64) AppleWebKit/537.36 (KHTML, like Gecko) Chrome/59.0.3071.115 Safari/537.36"
::1 - - [03/May/2018:07:17:52 +0000] "GET /vendor-bundle-711ef.js HTTP/1.1" 304 - "http://localhost:3001/detail.html" "Mozilla/5.0 (Windows NT 10.0; WOW64) AppleWebKit/537.36 (KHTML, like Gecko) Chrome/59.0.3071.115 Safari/537.36"
::1 - - [03/May/2018:07:17:52 +0000] "GET /detail-bundle-711ef.js HTTP/1.1" 304 - "http://localhost:3001/detail.html" "Mozilla/5.0 (Windows NT 10.0; WOW64) AppleWebKit/537.36 (KHTML, like Gecko) Chrome/59.0.3071.115 Safari/537.36"
::1 - - [03/May/2018:07:17:52 +0000] "GET /src/img/favicon.ico HTTP/1.1" 304 - "http://localhost:3001/detail.html" "Mozilla/5.0 (Windows NT 10.0; WOW64) AppleWebKit/537.36 (KHTML, like Gecko) Chrome/59.0.3071.115 Safari/537.36"
::1 - - [03/May/2018:07:17:53 +0000] "GET /detail.html HTTP/1.1" 304 - "-" "Mozilla/5.0 (Windows NT 10.0; WOW64) AppleWebKit/537.36 (KHTML, like Gecko) Chrome/59.0.3071.115 Safari/537.36"
::1 - - [03/May/2018:07:17:53 +0000] "GET /css/detail-bundle-711ef.css HTTP/1.1" 304 - "http://localhost:3001/detail.html" "Mozilla/5.0 (Windows NT 10.0; WOW64) AppleWebKit/537.36 (KHTML, like Gecko) Chrome/59.0.3071.115 Safari/537.36"
::1 - - [03/May/2018:07:17:53 +0000] "GET /vendor-bundle-711ef.js HTTP/1.1" 304 - "http://localhost:3001/detail.html" "Mozilla/5.0 (Windows NT 10.0; WOW64) AppleWebKit/537.36 (KHTML, like Gecko) Chrome/59.0.3071.115 Safari/537.36"
::1 - - [03/May/2018:07:17:53 +0000] "GET /detail-bundle-711ef.js HTTP/1.1" 304 - "http://localhost:3001/detail.html" "Mozilla/5.0 (Windows NT 10.0; WOW64) AppleWebKit/537.36 (KHTML, like Gecko) Chrome/59.0.3071.115 Safari/537.36"
::1 - - [03/May/2018:07:17:53 +0000] "GET /src/img/favicon.ico HTTP/1.1" 304 - "http://localhost:3001/detail.html" "Mozilla/5.0 (Windows NT 10.0; WOW64) AppleWebKit/537.36 (KHTML, like Gecko) Chrome/59.0.3071.115 Safari/537.36"
::1 - - [03/May/2018:07:17:53 +0000] "GET /detail.html HTTP/1.1" 304 - "-" "Mozilla/5.0 (Windows NT 10.0; WOW64) AppleWebKit/537.36 (KHTML, like Gecko) Chrome/59.0.3071.115 Safari/537.36"
::1 - - [03/May/2018:07:17:53 +0000] "GET /css/detail-bundle-711ef.css HTTP/1.1" 304 - "http://localhost:3001/detail.html" "Mozilla/5.0 (Windows NT 10.0; WOW64) AppleWebKit/537.36 (KHTML, like Gecko) Chrome/59.0.3071.115 Safari/537.36"
::1 - - [03/May/2018:07:17:53 +0000] "GET /vendor-bundle-711ef.js HTTP/1.1" 304 - "http://localhost:3001/detail.html" "Mozilla/5.0 (Windows NT 10.0; WOW64) AppleWebKit/537.36 (KHTML, like Gecko) Chrome/59.0.3071.115 Safari/537.36"
::1 - - [03/May/2018:07:17:53 +0000] "GET /detail-bundle-711ef.js HTTP/1.1" 304 - "http://localhost:3001/detail.html" "Mozilla/5.0 (Windows NT 10.0; WOW64) AppleWebKit/537.36 (KHTML, like Gecko) Chrome/59.0.3071.115 Safari/537.36"
::1 - - [03/May/2018:07:17:53 +0000] "GET /src/img/favicon.ico HTTP/1.1" 304 - "http://localhost:3001/detail.html" "Mozilla/5.0 (Windows NT 10.0; WOW64) AppleWebKit/537.36 (KHTML, like Gecko) Chrome/59.0.3071.115 Safari/537.36"
::1 - - [03/May/2018:07:17:53 +0000] "GET /detail.html HTTP/1.1" 304 - "-" "Mozilla/5.0 (Windows NT 10.0; WOW64) AppleWebKit/537.36 (KHTML, like Gecko) Chrome/59.0.3071.115 Safari/537.36"
::1 - - [03/May/2018:07:17:53 +0000] "GET /css/detail-bundle-711ef.css HTTP/1.1" 304 - "http://localhost:3001/detail.html" "Mozilla/5.0 (Windows NT 10.0; WOW64) AppleWebKit/537.36 (KHTML, like Gecko) Chrome/59.0.3071.115 Safari/537.36"
::1 - - [03/May/2018:07:17:53 +0000] "GET /vendor-bundle-711ef.js HTTP/1.1" 304 - "http://localhost:3001/detail.html" "Mozilla/5.0 (Windows NT 10.0; WOW64) AppleWebKit/537.36 (KHTML, like Gecko) Chrome/59.0.3071.115 Safari/537.36"
::1 - - [03/May/2018:07:17:53 +0000] "GET /detail-bundle-711ef.js HTTP/1.1" 304 - "http://localhost:3001/detail.html" "Mozilla/5.0 (Windows NT 10.0; WOW64) AppleWebKit/537.36 (KHTML, like Gecko) Chrome/59.0.3071.115 Safari/537.36"
::1 - - [03/May/2018:07:17:53 +0000] "GET /src/img/favicon.ico HTTP/1.1" 304 - "http://localhost:3001/detail.html" "Mozilla/5.0 (Windows NT 10.0; WOW64) AppleWebKit/537.36 (KHTML, like Gecko) Chrome/59.0.3071.115 Safari/537.36"
::1 - - [03/May/2018:07:18:55 +0000] "GET /detail.html HTTP/1.1" 200 510 "-" "Mozilla/5.0 (Windows NT 10.0; WOW64) AppleWebKit/537.36 (KHTML, like Gecko) Chrome/59.0.3071.115 Safari/537.36"
::1 - - [03/May/2018:07:18:55 +0000] "GET /vendor-bundle-04113.js HTTP/1.1" 200 46010 "http://localhost:3001/detail.html" "Mozilla/5.0 (Windows NT 10.0; WOW64) AppleWebKit/537.36 (KHTML, like Gecko) Chrome/59.0.3071.115 Safari/537.36"
::1 - - [03/May/2018:07:18:55 +0000] "GET /detail-bundle-04113.js HTTP/1.1" 200 11721 "http://localhost:3001/detail.html" "Mozilla/5.0 (Windows NT 10.0; WOW64) AppleWebKit/537.36 (KHTML, like Gecko) Chrome/59.0.3071.115 Safari/537.36"
::1 - - [03/May/2018:07:18:55 +0000] "GET /css/detail-bundle-04113.css HTTP/1.1" 200 30911 "http://localhost:3001/detail.html" "Mozilla/5.0 (Windows NT 10.0; WOW64) AppleWebKit/537.36 (KHTML, like Gecko) Chrome/59.0.3071.115 Safari/537.36"
::1 - - [03/May/2018:07:18:56 +0000] "GET /blog/fontend/src/img/j.png HTTP/1.1" 200 2 "http://localhost:3001/detail.html" "Mozilla/5.0 (Windows NT 10.0; WOW64) AppleWebKit/537.36 (KHTML, like Gecko) Chrome/59.0.3071.115 Safari/537.36"
::1 - - [03/May/2018:07:18:56 +0000] "GET /src/img/favicon.ico HTTP/1.1" 304 - "http://localhost:3001/detail.html" "Mozilla/5.0 (Windows NT 10.0; WOW64) AppleWebKit/537.36 (KHTML, like Gecko) Chrome/59.0.3071.115 Safari/537.36"
::1 - - [03/May/2018:07:18:57 +0000] "GET /src/img/favicon.ico HTTP/1.1" 304 - "http://localhost:3001/index.html" "Mozilla/5.0 (Windows NT 10.0; WOW64) AppleWebKit/537.36 (KHTML, like Gecko) Chrome/59.0.3071.115 Safari/537.36"
::1 - - [03/May/2018:07:18:57 +0000] "GET /index.html HTTP/1.1" 200 3385 "-" "Mozilla/5.0 (Windows NT 10.0; WOW64) AppleWebKit/537.36 (KHTML, like Gecko) Chrome/59.0.3071.115 Safari/537.36"
::1 - - [03/May/2018:07:18:57 +0000] "GET /css/app-bundle-04113.css HTTP/1.1" 200 25675 "http://localhost:3001/index.html" "Mozilla/5.0 (Windows NT 10.0; WOW64) AppleWebKit/537.36 (KHTML, like Gecko) Chrome/59.0.3071.115 Safari/537.36"
::1 - - [03/May/2018:07:18:57 +0000] "GET /src/img/d1ede0506b40990c9df1b1c31e1b1fcb.png HTTP/1.1" 200 10283 "http://localhost:3001/index.html" "Mozilla/5.0 (Windows NT 10.0; WOW64) AppleWebKit/537.36 (KHTML, like Gecko) Chrome/59.0.3071.115 Safari/537.36"
::1 - - [03/May/2018:07:18:57 +0000] "GET /app-bundle-04113.js HTTP/1.1" 200 24003 "http://localhost:3001/index.html" "Mozilla/5.0 (Windows NT 10.0; WOW64) AppleWebKit/537.36 (KHTML, like Gecko) Chrome/59.0.3071.115 Safari/537.36"
::1 - - [03/May/2018:07:18:57 +0000] "GET /src/img/favicon.ico HTTP/1.1" 304 - "http://localhost:3001/index.html" "Mozilla/5.0 (Windows NT 10.0; WOW64) AppleWebKit/537.36 (KHTML, like Gecko) Chrome/59.0.3071.115 Safari/537.36"
::1 - - [03/May/2018:07:18:58 +0000] "GET /index.html HTTP/1.1" 304 - "-" "Mozilla/5.0 (Windows NT 10.0; WOW64) AppleWebKit/537.36 (KHTML, like Gecko) Chrome/59.0.3071.115 Safari/537.36"
::1 - - [03/May/2018:07:18:58 +0000] "GET /css/app-bundle-04113.css HTTP/1.1" 304 - "http://localhost:3001/index.html" "Mozilla/5.0 (Windows NT 10.0; WOW64) AppleWebKit/537.36 (KHTML, like Gecko) Chrome/59.0.3071.115 Safari/537.36"
::1 - - [03/May/2018:07:18:58 +0000] "GET /app-bundle-04113.js HTTP/1.1" 304 - "http://localhost:3001/index.html" "Mozilla/5.0 (Windows NT 10.0; WOW64) AppleWebKit/537.36 (KHTML, like Gecko) Chrome/59.0.3071.115 Safari/537.36"
::1 - - [03/May/2018:07:18:58 +0000] "GET /src/img/d1ede0506b40990c9df1b1c31e1b1fcb.png HTTP/1.1" 304 - "http://localhost:3001/index.html" "Mozilla/5.0 (Windows NT 10.0; WOW64) AppleWebKit/537.36 (KHTML, like Gecko) Chrome/59.0.3071.115 Safari/537.36"
::1 - - [03/May/2018:07:18:58 +0000] "GET /src/img/favicon.ico HTTP/1.1" 304 - "http://localhost:3001/index.html" "Mozilla/5.0 (Windows NT 10.0; WOW64) AppleWebKit/537.36 (KHTML, like Gecko) Chrome/59.0.3071.115 Safari/537.36"
::1 - - [03/May/2018:07:18:59 +0000] "GET /index.html HTTP/1.1" 304 - "-" "Mozilla/5.0 (Windows NT 10.0; WOW64) AppleWebKit/537.36 (KHTML, like Gecko) Chrome/59.0.3071.115 Safari/537.36"
::1 - - [03/May/2018:07:18:59 +0000] "GET /css/app-bundle-04113.css HTTP/1.1" 304 - "http://localhost:3001/index.html" "Mozilla/5.0 (Windows NT 10.0; WOW64) AppleWebKit/537.36 (KHTML, like Gecko) Chrome/59.0.3071.115 Safari/537.36"
::1 - - [03/May/2018:07:18:59 +0000] "GET /src/img/d1ede0506b40990c9df1b1c31e1b1fcb.png HTTP/1.1" 304 - "http://localhost:3001/index.html" "Mozilla/5.0 (Windows NT 10.0; WOW64) AppleWebKit/537.36 (KHTML, like Gecko) Chrome/59.0.3071.115 Safari/537.36"
::1 - - [03/May/2018:07:18:59 +0000] "GET /app-bundle-04113.js HTTP/1.1" 304 - "http://localhost:3001/index.html" "Mozilla/5.0 (Windows NT 10.0; WOW64) AppleWebKit/537.36 (KHTML, like Gecko) Chrome/59.0.3071.115 Safari/537.36"
::1 - - [03/May/2018:07:18:59 +0000] "GET /src/img/favicon.ico HTTP/1.1" 304 - "http://localhost:3001/index.html" "Mozilla/5.0 (Windows NT 10.0; WOW64) AppleWebKit/537.36 (KHTML, like Gecko) Chrome/59.0.3071.115 Safari/537.36"
::1 - - [03/May/2018:07:18:59 +0000] "GET /index.html HTTP/1.1" 304 - "-" "Mozilla/5.0 (Windows NT 10.0; WOW64) AppleWebKit/537.36 (KHTML, like Gecko) Chrome/59.0.3071.115 Safari/537.36"
::1 - - [03/May/2018:07:18:59 +0000] "GET /css/app-bundle-04113.css HTTP/1.1" 304 - "http://localhost:3001/index.html" "Mozilla/5.0 (Windows NT 10.0; WOW64) AppleWebKit/537.36 (KHTML, like Gecko) Chrome/59.0.3071.115 Safari/537.36"
::1 - - [03/May/2018:07:18:59 +0000] "GET /src/img/d1ede0506b40990c9df1b1c31e1b1fcb.png HTTP/1.1" 304 - "http://localhost:3001/index.html" "Mozilla/5.0 (Windows NT 10.0; WOW64) AppleWebKit/537.36 (KHTML, like Gecko) Chrome/59.0.3071.115 Safari/537.36"
::1 - - [03/May/2018:07:18:59 +0000] "GET /app-bundle-04113.js HTTP/1.1" 304 - "http://localhost:3001/index.html" "Mozilla/5.0 (Windows NT 10.0; WOW64) AppleWebKit/537.36 (KHTML, like Gecko) Chrome/59.0.3071.115 Safari/537.36"
::1 - - [03/May/2018:07:18:59 +0000] "GET /src/img/favicon.ico HTTP/1.1" 304 - "http://localhost:3001/index.html" "Mozilla/5.0 (Windows NT 10.0; WOW64) AppleWebKit/537.36 (KHTML, like Gecko) Chrome/59.0.3071.115 Safari/537.36"
::1 - - [03/May/2018:07:18:59 +0000] "GET /index.html HTTP/1.1" 304 - "-" "Mozilla/5.0 (Windows NT 10.0; WOW64) AppleWebKit/537.36 (KHTML, like Gecko) Chrome/59.0.3071.115 Safari/537.36"
::1 - - [03/May/2018:07:18:59 +0000] "GET /css/app-bundle-04113.css HTTP/1.1" 304 - "http://localhost:3001/index.html" "Mozilla/5.0 (Windows NT 10.0; WOW64) AppleWebKit/537.36 (KHTML, like Gecko) Chrome/59.0.3071.115 Safari/537.36"
::1 - - [03/May/2018:07:18:59 +0000] "GET /src/img/d1ede0506b40990c9df1b1c31e1b1fcb.png HTTP/1.1" 304 - "http://localhost:3001/index.html" "Mozilla/5.0 (Windows NT 10.0; WOW64) AppleWebKit/537.36 (KHTML, like Gecko) Chrome/59.0.3071.115 Safari/537.36"
::1 - - [03/May/2018:07:18:59 +0000] "GET /app-bundle-04113.js HTTP/1.1" 304 - "http://localhost:3001/index.html" "Mozilla/5.0 (Windows NT 10.0; WOW64) AppleWebKit/537.36 (KHTML, like Gecko) Chrome/59.0.3071.115 Safari/537.36"
::1 - - [03/May/2018:07:18:59 +0000] "GET /src/img/favicon.ico HTTP/1.1" 304 - "http://localhost:3001/index.html" "Mozilla/5.0 (Windows NT 10.0; WOW64) AppleWebKit/537.36 (KHTML, like Gecko) Chrome/59.0.3071.115 Safari/537.36"
::1 - - [03/May/2018:07:18:59 +0000] "GET /index.html HTTP/1.1" 304 - "-" "Mozilla/5.0 (Windows NT 10.0; WOW64) AppleWebKit/537.36 (KHTML, like Gecko) Chrome/59.0.3071.115 Safari/537.36"
::1 - - [03/May/2018:07:18:59 +0000] "GET /css/app-bundle-04113.css HTTP/1.1" 304 - "http://localhost:3001/index.html" "Mozilla/5.0 (Windows NT 10.0; WOW64) AppleWebKit/537.36 (KHTML, like Gecko) Chrome/59.0.3071.115 Safari/537.36"
::1 - - [03/May/2018:07:18:59 +0000] "GET /src/img/d1ede0506b40990c9df1b1c31e1b1fcb.png HTTP/1.1" 304 - "http://localhost:3001/index.html" "Mozilla/5.0 (Windows NT 10.0; WOW64) AppleWebKit/537.36 (KHTML, like Gecko) Chrome/59.0.3071.115 Safari/537.36"
::1 - - [03/May/2018:07:18:59 +0000] "GET /app-bundle-04113.js HTTP/1.1" 304 - "http://localhost:3001/index.html" "Mozilla/5.0 (Windows NT 10.0; WOW64) AppleWebKit/537.36 (KHTML, like Gecko) Chrome/59.0.3071.115 Safari/537.36"
::1 - - [03/May/2018:07:18:59 +0000] "GET /src/img/favicon.ico HTTP/1.1" 304 - "http://localhost:3001/index.html" "Mozilla/5.0 (Windows NT 10.0; WOW64) AppleWebKit/537.36 (KHTML, like Gecko) Chrome/59.0.3071.115 Safari/537.36"
::1 - - [03/May/2018:07:19:08 +0000] "GET /src/img/favicon.ico HTTP/1.1" 304 - "http://localhost:3001/detail.html" "Mozilla/5.0 (Windows NT 10.0; WOW64) AppleWebKit/537.36 (KHTML, like Gecko) Chrome/59.0.3071.115 Safari/537.36"
::1 - - [03/May/2018:07:19:09 +0000] "GET /detail.html HTTP/1.1" 304 - "-" "Mozilla/5.0 (Windows NT 10.0; WOW64) AppleWebKit/537.36 (KHTML, like Gecko) Chrome/59.0.3071.115 Safari/537.36"
::1 - - [03/May/2018:07:19:09 +0000] "GET /css/detail-bundle-04113.css HTTP/1.1" 304 - "http://localhost:3001/detail.html" "Mozilla/5.0 (Windows NT 10.0; WOW64) AppleWebKit/537.36 (KHTML, like Gecko) Chrome/59.0.3071.115 Safari/537.36"
::1 - - [03/May/2018:07:19:09 +0000] "GET /vendor-bundle-04113.js HTTP/1.1" 304 - "http://localhost:3001/detail.html" "Mozilla/5.0 (Windows NT 10.0; WOW64) AppleWebKit/537.36 (KHTML, like Gecko) Chrome/59.0.3071.115 Safari/537.36"
::1 - - [03/May/2018:07:19:09 +0000] "GET /detail-bundle-04113.js HTTP/1.1" 304 - "http://localhost:3001/detail.html" "Mozilla/5.0 (Windows NT 10.0; WOW64) AppleWebKit/537.36 (KHTML, like Gecko) Chrome/59.0.3071.115 Safari/537.36"
::1 - - [03/May/2018:07:19:09 +0000] "GET /blog/fontend/src/img/j.png HTTP/1.1" 304 - "http://localhost:3001/detail.html" "Mozilla/5.0 (Windows NT 10.0; WOW64) AppleWebKit/537.36 (KHTML, like Gecko) Chrome/59.0.3071.115 Safari/537.36"
::1 - - [03/May/2018:07:19:09 +0000] "GET /src/img/favicon.ico HTTP/1.1" 304 - "http://localhost:3001/detail.html" "Mozilla/5.0 (Windows NT 10.0; WOW64) AppleWebKit/537.36 (KHTML, like Gecko) Chrome/59.0.3071.115 Safari/537.36"
::1 - - [03/May/2018:07:19:12 +0000] "GET /src/img/favicon.ico HTTP/1.1" 304 - "http://localhost:3001/index.html" "Mozilla/5.0 (Windows NT 10.0; WOW64) AppleWebKit/537.36 (KHTML, like Gecko) Chrome/59.0.3071.115 Safari/537.36"
::1 - - [03/May/2018:07:22:03 +0000] "GET /index.html HTTP/1.1" 200 3454 "-" "Mozilla/5.0 (Windows NT 10.0; WOW64) AppleWebKit/537.36 (KHTML, like Gecko) Chrome/59.0.3071.115 Safari/537.36"
::1 - - [03/May/2018:07:22:03 +0000] "GET /css/app-bundle-04113.css HTTP/1.1" 200 25675 "http://localhost:3001/index.html" "Mozilla/5.0 (Windows NT 10.0; WOW64) AppleWebKit/537.36 (KHTML, like Gecko) Chrome/59.0.3071.115 Safari/537.36"
::1 - - [03/May/2018:07:22:03 +0000] "GET /src/img/d1ede0506b40990c9df1b1c31e1b1fcb.png HTTP/1.1" 200 10283 "http://localhost:3001/index.html" "Mozilla/5.0 (Windows NT 10.0; WOW64) AppleWebKit/537.36 (KHTML, like Gecko) Chrome/59.0.3071.115 Safari/537.36"
::1 - - [03/May/2018:07:22:03 +0000] "GET /vendor-bundle-04113.js HTTP/1.1" 200 46010 "http://localhost:3001/index.html" "Mozilla/5.0 (Windows NT 10.0; WOW64) AppleWebKit/537.36 (KHTML, like Gecko) Chrome/59.0.3071.115 Safari/537.36"
::1 - - [03/May/2018:07:22:03 +0000] "GET /app-bundle-04113.js HTTP/1.1" 200 24003 "http://localhost:3001/index.html" "Mozilla/5.0 (Windows NT 10.0; WOW64) AppleWebKit/537.36 (KHTML, like Gecko) Chrome/59.0.3071.115 Safari/537.36"
::1 - - [03/May/2018:07:22:03 +0000] "GET /src/img/favicon.ico HTTP/1.1" 304 - "http://localhost:3001/index.html" "Mozilla/5.0 (Windows NT 10.0; WOW64) AppleWebKit/537.36 (KHTML, like Gecko) Chrome/59.0.3071.115 Safari/537.36"
::1 - - [03/May/2018:07:22:04 +0000] "GET /index.html HTTP/1.1" 304 - "-" "Mozilla/5.0 (Windows NT 10.0; WOW64) AppleWebKit/537.36 (KHTML, like Gecko) Chrome/59.0.3071.115 Safari/537.36"
::1 - - [03/May/2018:07:22:04 +0000] "GET /css/app-bundle-04113.css HTTP/1.1" 304 - "http://localhost:3001/index.html" "Mozilla/5.0 (Windows NT 10.0; WOW64) AppleWebKit/537.36 (KHTML, like Gecko) Chrome/59.0.3071.115 Safari/537.36"
::1 - - [03/May/2018:07:22:04 +0000] "GET /src/img/d1ede0506b40990c9df1b1c31e1b1fcb.png HTTP/1.1" 304 - "http://localhost:3001/index.html" "Mozilla/5.0 (Windows NT 10.0; WOW64) AppleWebKit/537.36 (KHTML, like Gecko) Chrome/59.0.3071.115 Safari/537.36"
::1 - - [03/May/2018:07:22:04 +0000] "GET /vendor-bundle-04113.js HTTP/1.1" 304 - "http://localhost:3001/index.html" "Mozilla/5.0 (Windows NT 10.0; WOW64) AppleWebKit/537.36 (KHTML, like Gecko) Chrome/59.0.3071.115 Safari/537.36"
::1 - - [03/May/2018:07:22:04 +0000] "GET /app-bundle-04113.js HTTP/1.1" 304 - "http://localhost:3001/index.html" "Mozilla/5.0 (Windows NT 10.0; WOW64) AppleWebKit/537.36 (KHTML, like Gecko) Chrome/59.0.3071.115 Safari/537.36"
::1 - - [03/May/2018:07:22:04 +0000] "GET /src/img/favicon.ico HTTP/1.1" 304 - "http://localhost:3001/index.html" "Mozilla/5.0 (Windows NT 10.0; WOW64) AppleWebKit/537.36 (KHTML, like Gecko) Chrome/59.0.3071.115 Safari/537.36"
::1 - - [03/May/2018:07:22:04 +0000] "GET /index.html HTTP/1.1" 304 - "-" "Mozilla/5.0 (Windows NT 10.0; WOW64) AppleWebKit/537.36 (KHTML, like Gecko) Chrome/59.0.3071.115 Safari/537.36"
::1 - - [03/May/2018:07:22:04 +0000] "GET /css/app-bundle-04113.css HTTP/1.1" 304 - "http://localhost:3001/index.html" "Mozilla/5.0 (Windows NT 10.0; WOW64) AppleWebKit/537.36 (KHTML, like Gecko) Chrome/59.0.3071.115 Safari/537.36"
::1 - - [03/May/2018:07:22:04 +0000] "GET /src/img/d1ede0506b40990c9df1b1c31e1b1fcb.png HTTP/1.1" 304 - "http://localhost:3001/index.html" "Mozilla/5.0 (Windows NT 10.0; WOW64) AppleWebKit/537.36 (KHTML, like Gecko) Chrome/59.0.3071.115 Safari/537.36"
::1 - - [03/May/2018:07:22:04 +0000] "GET /vendor-bundle-04113.js HTTP/1.1" 304 - "http://localhost:3001/index.html" "Mozilla/5.0 (Windows NT 10.0; WOW64) AppleWebKit/537.36 (KHTML, like Gecko) Chrome/59.0.3071.115 Safari/537.36"
::1 - - [03/May/2018:07:22:04 +0000] "GET /app-bundle-04113.js HTTP/1.1" 304 - "http://localhost:3001/index.html" "Mozilla/5.0 (Windows NT 10.0; WOW64) AppleWebKit/537.36 (KHTML, like Gecko) Chrome/59.0.3071.115 Safari/537.36"
::1 - - [03/May/2018:07:22:04 +0000] "GET /src/img/favicon.ico HTTP/1.1" 304 - "http://localhost:3001/index.html" "Mozilla/5.0 (Windows NT 10.0; WOW64) AppleWebKit/537.36 (KHTML, like Gecko) Chrome/59.0.3071.115 Safari/537.36"
::1 - - [03/May/2018:07:22:04 +0000] "GET /index.html HTTP/1.1" 304 - "-" "Mozilla/5.0 (Windows NT 10.0; WOW64) AppleWebKit/537.36 (KHTML, like Gecko) Chrome/59.0.3071.115 Safari/537.36"
::1 - - [03/May/2018:07:22:04 +0000] "GET /css/app-bundle-04113.css HTTP/1.1" 304 - "http://localhost:3001/index.html" "Mozilla/5.0 (Windows NT 10.0; WOW64) AppleWebKit/537.36 (KHTML, like Gecko) Chrome/59.0.3071.115 Safari/537.36"
::1 - - [03/May/2018:07:22:05 +0000] "GET /src/img/d1ede0506b40990c9df1b1c31e1b1fcb.png HTTP/1.1" 304 - "http://localhost:3001/index.html" "Mozilla/5.0 (Windows NT 10.0; WOW64) AppleWebKit/537.36 (KHTML, like Gecko) Chrome/59.0.3071.115 Safari/537.36"
::1 - - [03/May/2018:07:22:05 +0000] "GET /vendor-bundle-04113.js HTTP/1.1" 304 - "http://localhost:3001/index.html" "Mozilla/5.0 (Windows NT 10.0; WOW64) AppleWebKit/537.36 (KHTML, like Gecko) Chrome/59.0.3071.115 Safari/537.36"
::1 - - [03/May/2018:07:22:05 +0000] "GET /app-bundle-04113.js HTTP/1.1" 304 - "http://localhost:3001/index.html" "Mozilla/5.0 (Windows NT 10.0; WOW64) AppleWebKit/537.36 (KHTML, like Gecko) Chrome/59.0.3071.115 Safari/537.36"
::1 - - [03/May/2018:07:22:05 +0000] "GET /src/img/favicon.ico HTTP/1.1" 304 - "http://localhost:3001/index.html" "Mozilla/5.0 (Windows NT 10.0; WOW64) AppleWebKit/537.36 (KHTML, like Gecko) Chrome/59.0.3071.115 Safari/537.36"
::1 - - [03/May/2018:07:22:05 +0000] "GET /index.html HTTP/1.1" 304 - "-" "Mozilla/5.0 (Windows NT 10.0; WOW64) AppleWebKit/537.36 (KHTML, like Gecko) Chrome/59.0.3071.115 Safari/537.36"
::1 - - [03/May/2018:07:22:05 +0000] "GET /css/app-bundle-04113.css HTTP/1.1" 304 - "http://localhost:3001/index.html" "Mozilla/5.0 (Windows NT 10.0; WOW64) AppleWebKit/537.36 (KHTML, like Gecko) Chrome/59.0.3071.115 Safari/537.36"
::1 - - [03/May/2018:07:22:05 +0000] "GET /src/img/d1ede0506b40990c9df1b1c31e1b1fcb.png HTTP/1.1" 304 - "http://localhost:3001/index.html" "Mozilla/5.0 (Windows NT 10.0; WOW64) AppleWebKit/537.36 (KHTML, like Gecko) Chrome/59.0.3071.115 Safari/537.36"
::1 - - [03/May/2018:07:22:05 +0000] "GET /vendor-bundle-04113.js HTTP/1.1" 304 - "http://localhost:3001/index.html" "Mozilla/5.0 (Windows NT 10.0; WOW64) AppleWebKit/537.36 (KHTML, like Gecko) Chrome/59.0.3071.115 Safari/537.36"
::1 - - [03/May/2018:07:22:05 +0000] "GET /app-bundle-04113.js HTTP/1.1" 304 - "http://localhost:3001/index.html" "Mozilla/5.0 (Windows NT 10.0; WOW64) AppleWebKit/537.36 (KHTML, like Gecko) Chrome/59.0.3071.115 Safari/537.36"
::1 - - [03/May/2018:07:22:05 +0000] "GET /src/img/favicon.ico HTTP/1.1" 304 - "http://localhost:3001/index.html" "Mozilla/5.0 (Windows NT 10.0; WOW64) AppleWebKit/537.36 (KHTML, like Gecko) Chrome/59.0.3071.115 Safari/537.36"
::1 - - [03/May/2018:07:22:05 +0000] "GET /index.html HTTP/1.1" 304 - "-" "Mozilla/5.0 (Windows NT 10.0; WOW64) AppleWebKit/537.36 (KHTML, like Gecko) Chrome/59.0.3071.115 Safari/537.36"
::1 - - [03/May/2018:07:22:05 +0000] "GET /css/app-bundle-04113.css HTTP/1.1" 304 - "http://localhost:3001/index.html" "Mozilla/5.0 (Windows NT 10.0; WOW64) AppleWebKit/537.36 (KHTML, like Gecko) Chrome/59.0.3071.115 Safari/537.36"
::1 - - [03/May/2018:07:22:05 +0000] "GET /src/img/d1ede0506b40990c9df1b1c31e1b1fcb.png HTTP/1.1" 304 - "http://localhost:3001/index.html" "Mozilla/5.0 (Windows NT 10.0; WOW64) AppleWebKit/537.36 (KHTML, like Gecko) Chrome/59.0.3071.115 Safari/537.36"
::1 - - [03/May/2018:07:22:05 +0000] "GET /vendor-bundle-04113.js HTTP/1.1" 304 - "http://localhost:3001/index.html" "Mozilla/5.0 (Windows NT 10.0; WOW64) AppleWebKit/537.36 (KHTML, like Gecko) Chrome/59.0.3071.115 Safari/537.36"
::1 - - [03/May/2018:07:22:05 +0000] "GET /app-bundle-04113.js HTTP/1.1" 304 - "http://localhost:3001/index.html" "Mozilla/5.0 (Windows NT 10.0; WOW64) AppleWebKit/537.36 (KHTML, like Gecko) Chrome/59.0.3071.115 Safari/537.36"
::1 - - [03/May/2018:07:22:05 +0000] "GET /src/img/favicon.ico HTTP/1.1" 304 - "http://localhost:3001/index.html" "Mozilla/5.0 (Windows NT 10.0; WOW64) AppleWebKit/537.36 (KHTML, like Gecko) Chrome/59.0.3071.115 Safari/537.36"
::1 - - [03/May/2018:07:41:37 +0000] "GET /sss HTTP/1.1" 200 2 "-" "Mozilla/5.0 (Windows NT 10.0; WOW64) AppleWebKit/537.36 (KHTML, like Gecko) Chrome/59.0.3071.115 Safari/537.36"
::1 - - [03/May/2018:07:41:37 +0000] "GET /favicon.ico HTTP/1.1" 304 - "http://localhost:3001/sss" "Mozilla/5.0 (Windows NT 10.0; WOW64) AppleWebKit/537.36 (KHTML, like Gecko) Chrome/59.0.3071.115 Safari/537.36"
::1 - - [03/May/2018:07:42:19 +0000] "GET /sss HTTP/1.1" 304 - "-" "Mozilla/5.0 (Windows NT 10.0; WOW64) AppleWebKit/537.36 (KHTML, like Gecko) Chrome/59.0.3071.115 Safari/537.36"
::1 - - [03/May/2018:07:42:19 +0000] "GET /favicon.ico HTTP/1.1" 304 - "http://localhost:3001/sss" "Mozilla/5.0 (Windows NT 10.0; WOW64) AppleWebKit/537.36 (KHTML, like Gecko) Chrome/59.0.3071.115 Safari/537.36"
::1 - - [03/May/2018:07:47:29 +0000] "GET / HTTP/1.1" 200 3454 "-" "Mozilla/5.0 (Windows NT 10.0; WOW64) AppleWebKit/537.36 (KHTML, like Gecko) Chrome/59.0.3071.115 Safari/537.36"
::1 - - [03/May/2018:07:47:29 +0000] "GET /css/app-bundle-04113.css HTTP/1.1" 304 - "http://localhost:3001/" "Mozilla/5.0 (Windows NT 10.0; WOW64) AppleWebKit/537.36 (KHTML, like Gecko) Chrome/59.0.3071.115 Safari/537.36"
::1 - - [03/May/2018:07:47:29 +0000] "GET /src/img/d1ede0506b40990c9df1b1c31e1b1fcb.png HTTP/1.1" 304 - "http://localhost:3001/" "Mozilla/5.0 (Windows NT 10.0; WOW64) AppleWebKit/537.36 (KHTML, like Gecko) Chrome/59.0.3071.115 Safari/537.36"
::1 - - [03/May/2018:07:47:29 +0000] "GET /vendor-bundle-04113.js HTTP/1.1" 304 - "http://localhost:3001/" "Mozilla/5.0 (Windows NT 10.0; WOW64) AppleWebKit/537.36 (KHTML, like Gecko) Chrome/59.0.3071.115 Safari/537.36"
::1 - - [03/May/2018:07:47:29 +0000] "GET /app-bundle-04113.js HTTP/1.1" 304 - "http://localhost:3001/" "Mozilla/5.0 (Windows NT 10.0; WOW64) AppleWebKit/537.36 (KHTML, like Gecko) Chrome/59.0.3071.115 Safari/537.36"
::1 - - [03/May/2018:07:47:29 +0000] "GET /src/img/favicon.ico HTTP/1.1" 404 - "http://localhost:3001/" "Mozilla/5.0 (Windows NT 10.0; WOW64) AppleWebKit/537.36 (KHTML, like Gecko) Chrome/59.0.3071.115 Safari/537.36"
::1 - - [03/May/2018:07:47:32 +0000] "GET /aa HTTP/1.1" 404 - "-" "Mozilla/5.0 (Windows NT 10.0; WOW64) AppleWebKit/537.36 (KHTML, like Gecko) Chrome/59.0.3071.115 Safari/537.36"
::1 - - [03/May/2018:07:47:32 +0000] "GET /favicon.ico HTTP/1.1" 404 - "http://localhost:3001/aa" "Mozilla/5.0 (Windows NT 10.0; WOW64) AppleWebKit/537.36 (KHTML, like Gecko) Chrome/59.0.3071.115 Safari/537.36"
::1 - - [03/May/2018:07:49:59 +0000] "GET /test HTTP/1.1" 404 - "-" "Mozilla/5.0 (Windows NT 10.0; WOW64) AppleWebKit/537.36 (KHTML, like Gecko) Chrome/59.0.3071.115 Safari/537.36"
::1 - - [03/May/2018:07:50:07 +0000] "GET /test HTTP/1.1" 200 - "-" "Mozilla/5.0 (Windows NT 10.0; WOW64) AppleWebKit/537.36 (KHTML, like Gecko) Chrome/59.0.3071.115 Safari/537.36"
::1 - - [03/May/2018:08:14:44 +0000] "GET / HTTP/1.1" 304 - "-" "Mozilla/5.0 (Windows NT 10.0; WOW64) AppleWebKit/537.36 (KHTML, like Gecko) Chrome/59.0.3071.115 Safari/537.36"
::1 - - [03/May/2018:08:14:44 +0000] "GET /css/app-bundle-04113.css HTTP/1.1" 304 - "http://localhost:3001/" "Mozilla/5.0 (Windows NT 10.0; WOW64) AppleWebKit/537.36 (KHTML, like Gecko) Chrome/59.0.3071.115 Safari/537.36"
::1 - - [03/May/2018:08:14:44 +0000] "GET /src/img/d1ede0506b40990c9df1b1c31e1b1fcb.png HTTP/1.1" 304 - "http://localhost:3001/" "Mozilla/5.0 (Windows NT 10.0; WOW64) AppleWebKit/537.36 (KHTML, like Gecko) Chrome/59.0.3071.115 Safari/537.36"
::1 - - [03/May/2018:08:14:44 +0000] "GET /vendor-bundle-04113.js HTTP/1.1" 304 - "http://localhost:3001/" "Mozilla/5.0 (Windows NT 10.0; WOW64) AppleWebKit/537.36 (KHTML, like Gecko) Chrome/59.0.3071.115 Safari/537.36"
::1 - - [03/May/2018:08:14:44 +0000] "GET /app-bundle-04113.js HTTP/1.1" 304 - "http://localhost:3001/" "Mozilla/5.0 (Windows NT 10.0; WOW64) AppleWebKit/537.36 (KHTML, like Gecko) Chrome/59.0.3071.115 Safari/537.36"
::1 - - [03/May/2018:08:14:47 +0000] "GET /test HTTP/1.1" 200 - "-" "Mozilla/5.0 (Windows NT 10.0; WOW64) AppleWebKit/537.36 (KHTML, like Gecko) Chrome/59.0.3071.115 Safari/537.36"
::1 - - [03/May/2018:08:14:51 +0000] "GET /test/aa HTTP/1.1" 404 - "-" "Mozilla/5.0 (Windows NT 10.0; WOW64) AppleWebKit/537.36 (KHTML, like Gecko) Chrome/59.0.3071.115 Safari/537.36"
::1 - - [03/May/2018:08:19:48 +0000] "GET /test/aa HTTP/1.1" 404 - "-" "Mozilla/5.0 (Windows NT 10.0; WOW64) AppleWebKit/537.36 (KHTML, like Gecko) Chrome/59.0.3071.115 Safari/537.36"
::1 - - [03/May/2018:08:19:49 +0000] "GET /test/aa HTTP/1.1" 404 - "-" "Mozilla/5.0 (Windows NT 10.0; WOW64) AppleWebKit/537.36 (KHTML, like Gecko) Chrome/59.0.3071.115 Safari/537.36"
::1 - - [03/May/2018:08:19:49 +0000] "GET /test/aa HTTP/1.1" 404 - "-" "Mozilla/5.0 (Windows NT 10.0; WOW64) AppleWebKit/537.36 (KHTML, like Gecko) Chrome/59.0.3071.115 Safari/537.36"
::1 - - [03/May/2018:08:19:52 +0000] "GET /test/:aa HTTP/1.1" 404 - "-" "Mozilla/5.0 (Windows NT 10.0; WOW64) AppleWebKit/537.36 (KHTML, like Gecko) Chrome/59.0.3071.115 Safari/537.36"
::1 - - [03/May/2018:08:19:58 +0000] "GET /test/:ss HTTP/1.1" 404 - "-" "Mozilla/5.0 (Windows NT 10.0; WOW64) AppleWebKit/537.36 (KHTML, like Gecko) Chrome/59.0.3071.115 Safari/537.36"
::1 - - [03/May/2018:08:20:00 +0000] "GET /test/:ss HTTP/1.1" 404 - "-" "Mozilla/5.0 (Windows NT 10.0; WOW64) AppleWebKit/537.36 (KHTML, like Gecko) Chrome/59.0.3071.115 Safari/537.36"
::1 - - [03/May/2018:08:20:04 +0000] "GET /test HTTP/1.1" 404 - "-" "Mozilla/5.0 (Windows NT 10.0; WOW64) AppleWebKit/537.36 (KHTML, like Gecko) Chrome/59.0.3071.115 Safari/537.36"
::1 - - [03/May/2018:08:20:05 +0000] "GET /test HTTP/1.1" 404 - "-" "Mozilla/5.0 (Windows NT 10.0; WOW64) AppleWebKit/537.36 (KHTML, like Gecko) Chrome/59.0.3071.115 Safari/537.36"
::1 - - [03/May/2018:08:22:22 +0000] "GET /test HTTP/1.1" 404 - "-" "Mozilla/5.0 (Windows NT 10.0; WOW64) AppleWebKit/537.36 (KHTML, like Gecko) Chrome/59.0.3071.115 Safari/537.36"
::1 - - [03/May/2018:08:22:23 +0000] "GET /test HTTP/1.1" 404 - "-" "Mozilla/5.0 (Windows NT 10.0; WOW64) AppleWebKit/537.36 (KHTML, like Gecko) Chrome/59.0.3071.115 Safari/537.36"
::1 - - [03/May/2018:08:22:26 +0000] "GET /test/a HTTP/1.1" 200 - "-" "Mozilla/5.0 (Windows NT 10.0; WOW64) AppleWebKit/537.36 (KHTML, like Gecko) Chrome/59.0.3071.115 Safari/537.36"
::1 - - [03/May/2018:08:23:36 +0000] "GET /test/a HTTP/1.1" 200 - "-" "Mozilla/5.0 (Windows NT 10.0; WOW64) AppleWebKit/537.36 (KHTML, like Gecko) Chrome/59.0.3071.115 Safari/537.36"
::1 - - [03/May/2018:08:33:35 +0000] "GET /test/a HTTP/1.1" 200 - "-" "Mozilla/5.0 (Windows NT 10.0; WOW64) AppleWebKit/537.36 (KHTML, like Gecko) Chrome/59.0.3071.115 Safari/537.36"
::1 - - [03/May/2018:08:33:35 +0000] "GET /test/a HTTP/1.1" 200 - "-" "Mozilla/5.0 (Windows NT 10.0; WOW64) AppleWebKit/537.36 (KHTML, like Gecko) Chrome/59.0.3071.115 Safari/537.36"
::1 - - [03/May/2018:08:33:36 +0000] "GET /test/a HTTP/1.1" 200 - "-" "Mozilla/5.0 (Windows NT 10.0; WOW64) AppleWebKit/537.36 (KHTML, like Gecko) Chrome/59.0.3071.115 Safari/537.36"
::1 - - [03/May/2018:08:58:50 +0000] "GET / HTTP/1.1" 304 - "-" "Mozilla/5.0 (Windows NT 10.0; WOW64) AppleWebKit/537.36 (KHTML, like Gecko) Chrome/59.0.3071.115 Safari/537.36"
::1 - - [03/May/2018:08:58:50 +0000] "GET /css/app-bundle-04113.css HTTP/1.1" 304 - "http://localhost:3001/" "Mozilla/5.0 (Windows NT 10.0; WOW64) AppleWebKit/537.36 (KHTML, like Gecko) Chrome/59.0.3071.115 Safari/537.36"
::1 - - [03/May/2018:08:58:50 +0000] "GET /src/img/d1ede0506b40990c9df1b1c31e1b1fcb.png HTTP/1.1" 304 - "http://localhost:3001/" "Mozilla/5.0 (Windows NT 10.0; WOW64) AppleWebKit/537.36 (KHTML, like Gecko) Chrome/59.0.3071.115 Safari/537.36"
::1 - - [03/May/2018:08:58:50 +0000] "GET /vendor-bundle-04113.js HTTP/1.1" 304 - "http://localhost:3001/" "Mozilla/5.0 (Windows NT 10.0; WOW64) AppleWebKit/537.36 (KHTML, like Gecko) Chrome/59.0.3071.115 Safari/537.36"
::1 - - [03/May/2018:08:58:50 +0000] "GET /app-bundle-04113.js HTTP/1.1" 304 - "http://localhost:3001/" "Mozilla/5.0 (Windows NT 10.0; WOW64) AppleWebKit/537.36 (KHTML, like Gecko) Chrome/59.0.3071.115 Safari/537.36"
::1 - - [03/May/2018:08:58:56 +0000] "GET /error.html HTTP/1.1" 404 - "-" "Mozilla/5.0 (Windows NT 10.0; WOW64) AppleWebKit/537.36 (KHTML, like Gecko) Chrome/59.0.3071.115 Safari/537.36"
::1 - - [03/May/2018:09:44:22 +0000] "GET /error.html HTTP/1.1" 404 - "-" "Mozilla/5.0 (Windows NT 10.0; WOW64) AppleWebKit/537.36 (KHTML, like Gecko) Chrome/59.0.3071.115 Safari/537.36"
::ffff:127.0.0.1 - - [03/May/2018:09:44:54 +0000] "GET /article/ HTTP/1.1" 500 1398 "-" "Mozilla/5.0 (Windows NT 10.0; WOW64) AppleWebKit/537.36 (KHTML, like Gecko) Chrome/59.0.3071.115 Safari/537.36"
::1 - - [03/May/2018:09:47:13 +0000] "GET /article/ HTTP/1.1" 500 1398 "-" "Mozilla/5.0 (Windows NT 10.0; WOW64) AppleWebKit/537.36 (KHTML, like Gecko) Chrome/59.0.3071.115 Safari/537.36"
::1 - - [03/May/2018:09:47:54 +0000] "GET /article/ HTTP/1.1" 200 - "-" "Mozilla/5.0 (Windows NT 10.0; WOW64) AppleWebKit/537.36 (KHTML, like Gecko) Chrome/59.0.3071.115 Safari/537.36"
::1 - - [03/May/2018:09:49:53 +0000] "GET /article/ HTTP/1.1" 200 - "-" "Mozilla/5.0 (Windows NT 10.0; WOW64) AppleWebKit/537.36 (KHTML, like Gecko) Chrome/59.0.3071.115 Safari/537.36"
::1 - - [03/May/2018:09:49:56 +0000] "GET /article/a HTTP/1.1" 404 1286 "-" "Mozilla/5.0 (Windows NT 10.0; WOW64) AppleWebKit/537.36 (KHTML, like Gecko) Chrome/59.0.3071.115 Safari/537.36"
::1 - - [03/May/2018:09:51:06 +0000] "GET /article/a HTTP/1.1" 404 1286 "-" "Mozilla/5.0 (Windows NT 10.0; WOW64) AppleWebKit/537.36 (KHTML, like Gecko) Chrome/59.0.3071.115 Safari/537.36"
::1 - - [03/May/2018:09:51:07 +0000] "GET /article/a HTTP/1.1" 404 1286 "-" "Mozilla/5.0 (Windows NT 10.0; WOW64) AppleWebKit/537.36 (KHTML, like Gecko) Chrome/59.0.3071.115 Safari/537.36"
::1 - - [03/May/2018:09:51:39 +0000] "GET /article/a HTTP/1.1" 404 1286 "-" "Mozilla/5.0 (Windows NT 10.0; WOW64) AppleWebKit/537.36 (KHTML, like Gecko) Chrome/59.0.3071.115 Safari/537.36"
::1 - - [03/May/2018:09:52:56 +0000] "GET /article/a HTTP/1.1" 404 1083 "-" "Mozilla/5.0 (Windows NT 10.0; WOW64) AppleWebKit/537.36 (KHTML, like Gecko) Chrome/59.0.3071.115 Safari/537.36"
::1 - - [03/May/2018:09:52:57 +0000] "GET /article/a HTTP/1.1" 404 1083 "-" "Mozilla/5.0 (Windows NT 10.0; WOW64) AppleWebKit/537.36 (KHTML, like Gecko) Chrome/59.0.3071.115 Safari/537.36"
::1 - - [03/May/2018:09:52:57 +0000] "GET /article/a HTTP/1.1" 404 1083 "-" "Mozilla/5.0 (Windows NT 10.0; WOW64) AppleWebKit/537.36 (KHTML, like Gecko) Chrome/59.0.3071.115 Safari/537.36"
::1 - - [03/May/2018:09:53:08 +0000] "GET /article/a HTTP/1.1" 404 1286 "-" "Mozilla/5.0 (Windows NT 10.0; WOW64) AppleWebKit/537.36 (KHTML, like Gecko) Chrome/59.0.3071.115 Safari/537.36"
::1 - - [03/May/2018:09:58:16 +0000] "GET /article/a HTTP/1.1" 404 1286 "-" "Mozilla/5.0 (Windows NT 10.0; WOW64) AppleWebKit/537.36 (KHTML, like Gecko) Chrome/59.0.3071.115 Safari/537.36"
::1 - - [03/May/2018:09:58:17 +0000] "GET /article/a HTTP/1.1" 404 1286 "-" "Mozilla/5.0 (Windows NT 10.0; WOW64) AppleWebKit/537.36 (KHTML, like Gecko) Chrome/59.0.3071.115 Safari/537.36"
::1 - - [03/May/2018:09:58:17 +0000] "GET /article/a HTTP/1.1" 404 1286 "-" "Mozilla/5.0 (Windows NT 10.0; WOW64) AppleWebKit/537.36 (KHTML, like Gecko) Chrome/59.0.3071.115 Safari/537.36"
::1 - - [03/May/2018:09:58:18 +0000] "GET /article/a HTTP/1.1" 404 1286 "-" "Mozilla/5.0 (Windows NT 10.0; WOW64) AppleWebKit/537.36 (KHTML, like Gecko) Chrome/59.0.3071.115 Safari/537.36"
::1 - - [03/May/2018:09:58:18 +0000] "GET /article/a HTTP/1.1" 404 1286 "-" "Mozilla/5.0 (Windows NT 10.0; WOW64) AppleWebKit/537.36 (KHTML, like Gecko) Chrome/59.0.3071.115 Safari/537.36"
::1 - - [03/May/2018:09:58:19 +0000] "GET /article/a HTTP/1.1" 404 1286 "-" "Mozilla/5.0 (Windows NT 10.0; WOW64) AppleWebKit/537.36 (KHTML, like Gecko) Chrome/59.0.3071.115 Safari/537.36"
::1 - - [03/May/2018:09:58:19 +0000] "GET /article/a HTTP/1.1" 404 1286 "-" "Mozilla/5.0 (Windows NT 10.0; WOW64) AppleWebKit/537.36 (KHTML, like Gecko) Chrome/59.0.3071.115 Safari/537.36"
::1 - - [03/May/2018:09:58:19 +0000] "GET /article/a HTTP/1.1" 404 1286 "-" "Mozilla/5.0 (Windows NT 10.0; WOW64) AppleWebKit/537.36 (KHTML, like Gecko) Chrome/59.0.3071.115 Safari/537.36"
::1 - - [03/May/2018:09:58:20 +0000] "GET /article/a HTTP/1.1" 404 1286 "-" "Mozilla/5.0 (Windows NT 10.0; WOW64) AppleWebKit/537.36 (KHTML, like Gecko) Chrome/59.0.3071.115 Safari/537.36"
::1 - - [03/May/2018:09:58:20 +0000] "GET /article/a HTTP/1.1" 404 1286 "-" "Mozilla/5.0 (Windows NT 10.0; WOW64) AppleWebKit/537.36 (KHTML, like Gecko) Chrome/59.0.3071.115 Safari/537.36"
::1 - - [03/May/2018:09:59:52 +0000] "GET /article/a HTTP/1.1" 404 1098 "-" "Mozilla/5.0 (Windows NT 10.0; WOW64) AppleWebKit/537.36 (KHTML, like Gecko) Chrome/59.0.3071.115 Safari/537.36"
::1 - - [03/May/2018:09:59:53 +0000] "GET /article/a HTTP/1.1" 404 1098 "-" "Mozilla/5.0 (Windows NT 10.0; WOW64) AppleWebKit/537.36 (KHTML, like Gecko) Chrome/59.0.3071.115 Safari/537.36"
::1 - - [03/May/2018:10:01:26 +0000] "GET /article/a HTTP/1.1" 404 1311 "-" "Mozilla/5.0 (Windows NT 10.0; WOW64) AppleWebKit/537.36 (KHTML, like Gecko) Chrome/59.0.3071.115 Safari/537.36"
::1 - - [03/May/2018:10:02:19 +0000] "GET /article/a HTTP/1.1" 404 138 "-" "Mozilla/5.0 (Windows NT 10.0; WOW64) AppleWebKit/537.36 (KHTML, like Gecko) Chrome/59.0.3071.115 Safari/537.36"
::1 - - [03/May/2018:10:03:28 +0000] "GET /article/a HTTP/1.1" 404 138 "-" "Mozilla/5.0 (Windows NT 10.0; WOW64) AppleWebKit/537.36 (KHTML, like Gecko) Chrome/59.0.3071.115 Safari/537.36"
::1 - - [03/May/2018:10:03:28 +0000] "GET /article/a HTTP/1.1" 404 138 "-" "Mozilla/5.0 (Windows NT 10.0; WOW64) AppleWebKit/537.36 (KHTML, like Gecko) Chrome/59.0.3071.115 Safari/537.36"
::1 - - [03/May/2018:10:03:29 +0000] "GET /article/a HTTP/1.1" 404 138 "-" "Mozilla/5.0 (Windows NT 10.0; WOW64) AppleWebKit/537.36 (KHTML, like Gecko) Chrome/59.0.3071.115 Safari/537.36"
::1 - - [03/May/2018:10:03:29 +0000] "GET /article/a HTTP/1.1" 404 138 "-" "Mozilla/5.0 (Windows NT 10.0; WOW64) AppleWebKit/537.36 (KHTML, like Gecko) Chrome/59.0.3071.115 Safari/537.36"
::1 - - [03/May/2018:10:03:29 +0000] "GET /article/a HTTP/1.1" 404 138 "-" "Mozilla/5.0 (Windows NT 10.0; WOW64) AppleWebKit/537.36 (KHTML, like Gecko) Chrome/59.0.3071.115 Safari/537.36"
::1 - - [03/May/2018:10:03:30 +0000] "GET /article/a HTTP/1.1" 404 138 "-" "Mozilla/5.0 (Windows NT 10.0; WOW64) AppleWebKit/537.36 (KHTML, like Gecko) Chrome/59.0.3071.115 Safari/537.36"
::1 - - [03/May/2018:10:03:30 +0000] "GET /article/a HTTP/1.1" 404 138 "-" "Mozilla/5.0 (Windows NT 10.0; WOW64) AppleWebKit/537.36 (KHTML, like Gecko) Chrome/59.0.3071.115 Safari/537.36"
::1 - - [03/May/2018:10:03:32 +0000] "GET /article/a HTTP/1.1" 404 138 "-" "Mozilla/5.0 (Windows NT 10.0; WOW64) AppleWebKit/537.36 (KHTML, like Gecko) Chrome/59.0.3071.115 Safari/537.36"
::1 - - [03/May/2018:10:39:49 +0000] "GET /article/a HTTP/1.1" 404 225 "-" "Mozilla/5.0 (Windows NT 10.0; WOW64) AppleWebKit/537.36 (KHTML, like Gecko) Chrome/59.0.3071.115 Safari/537.36"
::1 - - [03/May/2018:10:40:23 +0000] "GET /article/a HTTP/1.1" 404 146 "-" "Mozilla/5.0 (Windows NT 10.0; WOW64) AppleWebKit/537.36 (KHTML, like Gecko) Chrome/59.0.3071.115 Safari/537.36"
